<?xml version="1.0" encoding="UTF-8"?>
<!-- Generated by org.testng.reporters.JUnitReportReporter -->
<testsuite hostname="EC2AMAZ-D9GMPCC" failures="0" tests="3" name="org.sample.projectjava.SurfWebSitesTest" time="4.152" errors="0" timestamp="23 Apr 2021 04:45:48 GMT" skipped="0">
  <testcase classname="org.sample.projectjava.SurfWebSitesTest" name="surfSites" time="0.525"/>
  <testcase classname="org.sample.projectjava.SurfWebSitesTest" name="surfSites" time="1.138"/>
  <testcase classname="org.sample.projectjava.SurfWebSitesTest" name="surfSites" time="2.489"/>
</testsuite> <!-- org.sample.projectjava.SurfWebSitesTest -->
