<?xml version="1.0" encoding="UTF-8"?>
<!-- Generated by org.testng.reporters.JUnitReportReporter -->
<testsuite hostname="EC2AMAZ-D9GMPCC" failures="0" tests="3" name="org.sample.projectjava.SurfWebSitesTest" time="4.597" errors="0" timestamp="21 Apr 2021 08:04:45 GMT" skipped="0">
  <testcase classname="org.sample.projectjava.SurfWebSitesTest" name="surfSites" time="0.881"/>
  <testcase classname="org.sample.projectjava.SurfWebSitesTest" name="surfSites" time="2.794"/>
  <testcase classname="org.sample.projectjava.SurfWebSitesTest" name="surfSites" time="0.922"/>
</testsuite> <!-- org.sample.projectjava.SurfWebSitesTest -->
