<?xml version="1.0" encoding="UTF-8"?>
<!-- Generated by org.testng.reporters.JUnitReportReporter -->
<testsuite skipped="0" hostname="EC2AMAZ-D9GMPCC" name="org.sample.projectjava.SurfWebSitesTest" tests="3" failures="0" timestamp="21 Apr 2021 07:13:25 GMT" time="7.014" errors="0">
  <testcase name="surfSites" time="0.863" classname="org.sample.projectjava.SurfWebSitesTest"/>
  <testcase name="surfSites" time="5.335" classname="org.sample.projectjava.SurfWebSitesTest"/>
  <testcase name="surfSites" time="0.816" classname="org.sample.projectjava.SurfWebSitesTest"/>
</testsuite> <!-- org.sample.projectjava.SurfWebSitesTest -->
